{"C:\\gostack\\desafios\\gostack-template-fundamentos-node\\src\\app.ts": {"path":"C:\\gostack\\desafios\\gostack-template-fundamentos-node\\src\\app.ts","statementMap":{"0":{"start":{"line":1,"column":0},"end":{"line":1,"column":30}},"1":{"start":{"line":2,"column":0},"end":{"line":2,"column":30}},"2":{"start":{"line":4,"column":12},"end":{"line":4,"column":21}},"3":{"start":{"line":5,"column":0},"end":{"line":5,"column":24}},"4":{"start":{"line":6,"column":0},"end":{"line":6,"column":16}},"5":{"start":{"line":8,"column":0},"end":{"line":8,"column":19}}},"fnMap":{},"branchMap":{},"s":{"0":1,"1":1,"2":1,"3":1,"4":1,"5":1},"f":{},"b":{}}
,"C:\\gostack\\desafios\\gostack-template-fundamentos-node\\src\\models\\Balance.ts": {"path":"C:\\gostack\\desafios\\gostack-template-fundamentos-node\\src\\models\\Balance.ts","statementMap":{"0":{"start":{"line":1,"column":0},"end":{"line":1,"column":null}},"1":{"start":{"line":9,"column":4},"end":{"line":9,"column":21}},"2":{"start":{"line":10,"column":4},"end":{"line":10,"column":20}},"3":{"start":{"line":11,"column":4},"end":{"line":11,"column":19}},"4":{"start":{"line":13,"column":0},"end":{"line":13,"column":null}},"5":{"start":{"line":15,"column":0},"end":{"line":15,"column":23}}},"fnMap":{"0":{"name":"(anonymous_0)","decl":{"start":{"line":1,"column":0},"end":{"line":1,"column":null}},"loc":{"start":{"line":1,"column":0},"end":{"line":13,"column":null}}},"1":{"name":"Balance","decl":{"start":{"line":8,"column":2},"end":{"line":8,"column":null}},"loc":{"start":{"line":8,"column":2},"end":{"line":12,"column":3}}}},"branchMap":{},"s":{"0":1,"1":1,"2":1,"3":1,"4":1,"5":1},"f":{"0":1,"1":1},"b":{}}
,"C:\\gostack\\desafios\\gostack-template-fundamentos-node\\src\\models\\Transaction.ts": {"path":"C:\\gostack\\desafios\\gostack-template-fundamentos-node\\src\\models\\Transaction.ts","statementMap":{"0":{"start":{"line":1,"column":0},"end":{"line":1,"column":30}},"1":{"start":{"line":3,"column":0},"end":{"line":3,"column":null}},"2":{"start":{"line":12,"column":16},"end":{"line":12,"column":21}},"3":{"start":{"line":12,"column":23},"end":{"line":12,"column":28}},"4":{"start":{"line":12,"column":30},"end":{"line":12,"column":34}},"5":{"start":{"line":13,"column":4},"end":{"line":13,"column":21}},"6":{"start":{"line":14,"column":4},"end":{"line":14,"column":23}},"7":{"start":{"line":15,"column":4},"end":{"line":15,"column":23}},"8":{"start":{"line":16,"column":4},"end":{"line":16,"column":21}},"9":{"start":{"line":18,"column":0},"end":{"line":18,"column":null}},"10":{"start":{"line":20,"column":0},"end":{"line":20,"column":27}}},"fnMap":{"0":{"name":"(anonymous_0)","decl":{"start":{"line":3,"column":0},"end":{"line":3,"column":null}},"loc":{"start":{"line":3,"column":0},"end":{"line":18,"column":null}}},"1":{"name":"Transaction","decl":{"start":{"line":12,"column":2},"end":{"line":12,"column":14}},"loc":{"start":{"line":12,"column":61},"end":{"line":17,"column":3}}}},"branchMap":{},"s":{"0":1,"1":1,"2":3,"3":3,"4":3,"5":3,"6":3,"7":3,"8":3,"9":1,"10":1},"f":{"0":1,"1":3},"b":{}}
,"C:\\gostack\\desafios\\gostack-template-fundamentos-node\\src\\repositories\\TransactionsRepository.ts": {"path":"C:\\gostack\\desafios\\gostack-template-fundamentos-node\\src\\repositories\\TransactionsRepository.ts","statementMap":{"0":{"start":{"line":1,"column":0},"end":{"line":1,"column":48}},"1":{"start":{"line":2,"column":0},"end":{"line":2,"column":40}},"2":{"start":{"line":10,"column":0},"end":{"line":10,"column":null}},"3":{"start":{"line":16,"column":4},"end":{"line":16,"column":27}},"4":{"start":{"line":17,"column":4},"end":{"line":17,"column":33}},"5":{"start":{"line":20,"column":9},"end":{"line":22,"column":null}},"6":{"start":{"line":21,"column":4},"end":{"line":21,"column":29}},"7":{"start":{"line":24,"column":9},"end":{"line":26,"column":null}},"8":{"start":{"line":25,"column":4},"end":{"line":25,"column":24}},"9":{"start":{"line":28,"column":9},"end":{"line":33,"column":null}},"10":{"start":{"line":28,"column":18},"end":{"line":28,"column":23}},"11":{"start":{"line":28,"column":25},"end":{"line":28,"column":30}},"12":{"start":{"line":28,"column":32},"end":{"line":28,"column":36}},"13":{"start":{"line":29,"column":24},"end":{"line":29,"column":63}},"14":{"start":{"line":30,"column":4},"end":{"line":30,"column":40}},"15":{"start":{"line":31,"column":4},"end":{"line":31,"column":36}},"16":{"start":{"line":32,"column":4},"end":{"line":32,"column":23}},"17":{"start":{"line":35,"column":10},"end":{"line":48,"column":null}},"18":{"start":{"line":35,"column":26},"end":{"line":35,"column":30}},"19":{"start":{"line":35,"column":32},"end":{"line":35,"column":37}},"20":{"start":{"line":36,"column":4},"end":{"line":45,"column":null}},"21":{"start":{"line":38,"column":8},"end":{"line":38,"column":37}},"22":{"start":{"line":39,"column":8},"end":{"line":39,"column":14}},"23":{"start":{"line":41,"column":8},"end":{"line":41,"column":38}},"24":{"start":{"line":42,"column":8},"end":{"line":42,"column":14}},"25":{"start":{"line":44,"column":8},"end":{"line":44,"column":14}},"26":{"start":{"line":46,"column":4},"end":{"line":46,"column":68}},"27":{"start":{"line":47,"column":4},"end":{"line":47,"column":24}},"28":{"start":{"line":49,"column":0},"end":{"line":49,"column":null}},"29":{"start":{"line":51,"column":0},"end":{"line":51,"column":38}}},"fnMap":{"0":{"name":"(anonymous_1)","decl":{"start":{"line":10,"column":0},"end":{"line":10,"column":null}},"loc":{"start":{"line":10,"column":0},"end":{"line":49,"column":null}}},"1":{"name":"TransactionsRepository","decl":{"start":{"line":15,"column":2},"end":{"line":15,"column":null}},"loc":{"start":{"line":15,"column":2},"end":{"line":18,"column":3}}},"2":{"name":"(anonymous_3)","decl":{"start":{"line":20,"column":2},"end":{"line":20,"column":9}},"loc":{"start":{"line":20,"column":2},"end":{"line":22,"column":3}}},"3":{"name":"(anonymous_4)","decl":{"start":{"line":24,"column":2},"end":{"line":24,"column":9}},"loc":{"start":{"line":24,"column":2},"end":{"line":26,"column":3}}},"4":{"name":"(anonymous_5)","decl":{"start":{"line":28,"column":2},"end":{"line":28,"column":9}},"loc":{"start":{"line":28,"column":60},"end":{"line":33,"column":3}}},"5":{"name":"(anonymous_6)","decl":{"start":{"line":35,"column":2},"end":{"line":35,"column":10}},"loc":{"start":{"line":35,"column":52},"end":{"line":48,"column":3}}}},"branchMap":{"0":{"loc":{"start":{"line":37,"column":6},"end":{"line":39,"column":14}},"type":"switch","locations":[{"start":{"line":37,"column":6},"end":{"line":39,"column":14}},{"start":{"line":40,"column":6},"end":{"line":42,"column":14}},{"start":{"line":43,"column":6},"end":{"line":44,"column":14}}]}},"s":{"0":1,"1":1,"2":1,"3":1,"4":1,"5":1,"6":1,"7":1,"8":5,"9":1,"10":3,"11":3,"12":3,"13":3,"14":3,"15":3,"16":3,"17":1,"18":3,"19":3,"20":3,"21":2,"22":2,"23":1,"24":1,"25":0,"26":3,"27":3,"28":1,"29":1},"f":{"0":1,"1":1,"2":1,"3":5,"4":3,"5":3},"b":{"0":[2,1,0]}}
,"C:\\gostack\\desafios\\gostack-template-fundamentos-node\\src\\routes\\index.ts": {"path":"C:\\gostack\\desafios\\gostack-template-fundamentos-node\\src\\routes\\index.ts","statementMap":{"0":{"start":{"line":1,"column":0},"end":{"line":1,"column":33}},"1":{"start":{"line":2,"column":0},"end":{"line":2,"column":53}},"2":{"start":{"line":4,"column":15},"end":{"line":4,"column":23}},"3":{"start":{"line":6,"column":0},"end":{"line":6,"column":47}},"4":{"start":{"line":8,"column":0},"end":{"line":8,"column":22}}},"fnMap":{},"branchMap":{},"s":{"0":1,"1":1,"2":1,"3":1,"4":1},"f":{},"b":{}}
,"C:\\gostack\\desafios\\gostack-template-fundamentos-node\\src\\routes\\transaction.routes.ts": {"path":"C:\\gostack\\desafios\\gostack-template-fundamentos-node\\src\\routes\\transaction.routes.ts","statementMap":{"0":{"start":{"line":1,"column":0},"end":{"line":1,"column":33}},"1":{"start":{"line":3,"column":0},"end":{"line":3,"column":76}},"2":{"start":{"line":4,"column":0},"end":{"line":4,"column":76}},"3":{"start":{"line":6,"column":26},"end":{"line":6,"column":34}},"4":{"start":{"line":8,"column":31},"end":{"line":8,"column":59}},"5":{"start":{"line":10,"column":0},"end":{"line":18,"column":3}},"6":{"start":{"line":11,"column":2},"end":{"line":17,"column":null}},"7":{"start":{"line":12,"column":25},"end":{"line":12,"column":53}},"8":{"start":{"line":13,"column":20},"end":{"line":13,"column":55}},"9":{"start":{"line":14,"column":4},"end":{"line":14,"column":52}},"10":{"start":{"line":16,"column":4},"end":{"line":16,"column":61}},"11":{"start":{"line":20,"column":0},"end":{"line":34,"column":3}},"12":{"start":{"line":21,"column":8},"end":{"line":21,"column":10}},"13":{"start":{"line":21,"column":10},"end":{"line":21,"column":15}},"14":{"start":{"line":21,"column":17},"end":{"line":21,"column":22}},"15":{"start":{"line":21,"column":24},"end":{"line":21,"column":45}},"16":{"start":{"line":23,"column":2},"end":{"line":33,"column":null}},"17":{"start":{"line":24,"column":30},"end":{"line":25,"column":null}},"18":{"start":{"line":28,"column":24},"end":{"line":28,"column":73}},"19":{"start":{"line":30,"column":4},"end":{"line":30,"column":38}},"20":{"start":{"line":32,"column":4},"end":{"line":32,"column":61}},"21":{"start":{"line":36,"column":0},"end":{"line":36,"column":33}}},"fnMap":{"0":{"name":"(anonymous_1)","decl":{"start":{"line":10,"column":27},"end":{"line":10,"column":28}},"loc":{"start":{"line":10,"column":45},"end":{"line":18,"column":1}}},"1":{"name":"(anonymous_2)","decl":{"start":{"line":20,"column":28},"end":{"line":20,"column":29}},"loc":{"start":{"line":20,"column":46},"end":{"line":34,"column":1}}}},"branchMap":{},"s":{"0":1,"1":1,"2":1,"3":1,"4":1,"5":1,"6":1,"7":1,"8":1,"9":1,"10":0,"11":1,"12":4,"13":4,"14":4,"15":4,"16":4,"17":4,"18":4,"19":3,"20":1,"21":1},"f":{"0":1,"1":4},"b":{}}
,"C:\\gostack\\desafios\\gostack-template-fundamentos-node\\src\\services\\CreateTransactionService.ts": {"path":"C:\\gostack\\desafios\\gostack-template-fundamentos-node\\src\\services\\CreateTransactionService.ts","statementMap":{"0":{"start":{"line":10,"column":0},"end":{"line":10,"column":null}},"1":{"start":{"line":14,"column":4},"end":{"line":14,"column":57}},"2":{"start":{"line":17,"column":9},"end":{"line":31,"column":null}},"3":{"start":{"line":17,"column":19},"end":{"line":17,"column":24}},"4":{"start":{"line":17,"column":26},"end":{"line":17,"column":31}},"5":{"start":{"line":17,"column":33},"end":{"line":17,"column":37}},"6":{"start":{"line":18,"column":20},"end":{"line":18,"column":60}},"7":{"start":{"line":20,"column":4},"end":{"line":22,"column":null}},"8":{"start":{"line":21,"column":6},"end":{"line":21,"column":55}},"9":{"start":{"line":24,"column":24},"end":{"line":28,"column":6}},"10":{"start":{"line":30,"column":4},"end":{"line":30,"column":23}},"11":{"start":{"line":32,"column":0},"end":{"line":32,"column":null}},"12":{"start":{"line":34,"column":0},"end":{"line":34,"column":40}}},"fnMap":{"0":{"name":"(anonymous_0)","decl":{"start":{"line":10,"column":0},"end":{"line":10,"column":null}},"loc":{"start":{"line":10,"column":0},"end":{"line":32,"column":null}}},"1":{"name":"CreateTransactionService","decl":{"start":{"line":13,"column":2},"end":{"line":13,"column":14}},"loc":{"start":{"line":13,"column":60},"end":{"line":15,"column":3}}},"2":{"name":"(anonymous_2)","decl":{"start":{"line":17,"column":2},"end":{"line":17,"column":9}},"loc":{"start":{"line":17,"column":48},"end":{"line":31,"column":3}}}},"branchMap":{"0":{"loc":{"start":{"line":20,"column":4},"end":{"line":22,"column":null}},"type":"if","locations":[{"start":{"line":20,"column":4},"end":{"line":22,"column":null}},{"start":{"line":20,"column":4},"end":{"line":22,"column":null}}]},"1":{"loc":{"start":{"line":20,"column":8},"end":{"line":20,"column":26}},"type":"binary-expr","locations":[{"start":{"line":20,"column":8},"end":{"line":20,"column":26}},{"start":{"line":20,"column":30},"end":{"line":20,"column":55}}]}},"s":{"0":1,"1":4,"2":1,"3":4,"4":4,"5":4,"6":4,"7":4,"8":1,"9":3,"10":3,"11":1,"12":1},"f":{"0":1,"1":4,"2":4},"b":{"0":[1,3],"1":[4,2]}}
}
