TN:
SF:src\app.ts
FNF:0
FNH:0
DA:1,1
DA:2,1
DA:4,1
DA:5,1
DA:6,1
DA:8,1
LF:6
LH:6
BRF:0
BRH:0
end_of_record
TN:
SF:src\models\Balance.ts
FN:1,(anonymous_0)
FN:8,Balance
FNF:2
FNH:2
FNDA:1,(anonymous_0)
FNDA:1,Balance
DA:1,1
DA:9,1
DA:10,1
DA:11,1
DA:13,1
DA:15,1
LF:6
LH:6
BRF:0
BRH:0
end_of_record
TN:
SF:src\models\Transaction.ts
FN:3,(anonymous_0)
FN:12,Transaction
FNF:2
FNH:2
FNDA:1,(anonymous_0)
FNDA:3,Transaction
DA:1,1
DA:3,1
DA:12,3
DA:13,3
DA:14,3
DA:15,3
DA:16,3
DA:18,1
DA:20,1
LF:9
LH:9
BRF:0
BRH:0
end_of_record
TN:
SF:src\repositories\TransactionsRepository.ts
FN:10,(anonymous_1)
FN:15,TransactionsRepository
FN:20,(anonymous_3)
FN:24,(anonymous_4)
FN:28,(anonymous_5)
FN:35,(anonymous_6)
FNF:6
FNH:6
FNDA:1,(anonymous_1)
FNDA:1,TransactionsRepository
FNDA:1,(anonymous_3)
FNDA:5,(anonymous_4)
FNDA:3,(anonymous_5)
FNDA:3,(anonymous_6)
DA:1,1
DA:2,1
DA:10,1
DA:16,1
DA:17,1
DA:20,1
DA:21,1
DA:24,1
DA:25,5
DA:28,3
DA:29,3
DA:30,3
DA:31,3
DA:32,3
DA:35,3
DA:36,3
DA:38,2
DA:39,2
DA:41,1
DA:42,1
DA:44,0
DA:46,3
DA:47,3
DA:49,1
DA:51,1
LF:25
LH:24
BRDA:37,0,0,2
BRDA:37,0,1,1
BRDA:37,0,2,0
BRF:3
BRH:2
end_of_record
TN:
SF:src\routes\index.ts
FNF:0
FNH:0
DA:1,1
DA:2,1
DA:4,1
DA:6,1
DA:8,1
LF:5
LH:5
BRF:0
BRH:0
end_of_record
TN:
SF:src\routes\transaction.routes.ts
FN:10,(anonymous_1)
FN:20,(anonymous_2)
FNF:2
FNH:2
FNDA:1,(anonymous_1)
FNDA:4,(anonymous_2)
DA:1,1
DA:3,1
DA:4,1
DA:6,1
DA:8,1
DA:10,1
DA:11,1
DA:12,1
DA:13,1
DA:14,1
DA:16,0
DA:20,1
DA:21,4
DA:23,4
DA:24,4
DA:28,4
DA:30,3
DA:32,1
DA:36,1
LF:19
LH:18
BRF:0
BRH:0
end_of_record
TN:
SF:src\services\CreateTransactionService.ts
FN:10,(anonymous_0)
FN:13,CreateTransactionService
FN:17,(anonymous_2)
FNF:3
FNH:3
FNDA:1,(anonymous_0)
FNDA:4,CreateTransactionService
FNDA:4,(anonymous_2)
DA:10,1
DA:14,4
DA:17,4
DA:18,4
DA:20,4
DA:21,1
DA:24,3
DA:30,3
DA:32,1
DA:34,1
LF:10
LH:10
BRDA:20,0,0,1
BRDA:20,0,1,3
BRDA:20,1,0,4
BRDA:20,1,1,2
BRF:4
BRH:4
end_of_record
